2025-05-04 16:56:37 [TestNG-tests-1] INFO  HomePage:25 - Navigated to LabCorp homepage: https://www.labcorp.com
2025-05-04 16:56:37 [TestNG-tests-1] INFO  WebElementHelper:22 - Cookies pop-up is displayed.
2025-05-04 16:56:37 [TestNG-tests-1] INFO  WebElementHelper:24 - Cookies pop-up accepted.
2025-05-04 16:56:37 [TestNG-tests-1] INFO  HomePage:27 - Cookies handled.
2025-05-04 16:56:37 [TestNG-tests-1] INFO  WebElementHelper:22 - Cookies pop-up is displayed.
2025-05-04 16:56:37 [TestNG-tests-1] INFO  WebElementHelper:24 - Cookies pop-up accepted.
2025-05-04 16:56:37 [TestNG-tests-1] INFO  HomePage:35 - Cookies handled.
2025-05-04 16:56:37 [TestNG-tests-1] INFO  HomePage:40 - Careers link is not displayed, attempting to open the menu.
2025-05-04 16:56:37 [TestNG-tests-1] INFO  HomePage:42 - Menu is visible, clicking on it.
2025-05-04 16:56:37 [TestNG-tests-1] INFO  HomePage:44 - Menu is opened, clicking on Careers link.
2025-05-04 16:56:41 [TestNG-tests-1] INFO  HomePage:46 - Careers link is clicked.
2025-05-04 16:56:41 [TestNG-tests-1] INFO  HomePage:49 - Waiting for page title to be: Careers at Labcorp | Embrace Possibilities, Change Lives
2025-05-04 16:56:41 [TestNG-tests-1] INFO  HomePage:51 - Page title verified: Careers at Labcorp | Embrace Possibilities, Change Lives
2025-05-04 16:56:41 [TestNG-tests-1] INFO  CareersPage:27 - Searching for position: QA Test Automation Developer
2025-05-04 16:56:43 [TestNG-tests-1] INFO  CareersPage:29 - Search button clicked.
2025-05-04 16:56:43 [TestNG-tests-1] INFO  CareersPage:36 - Before Select First position handle Cookies.
2025-05-04 16:56:43 [TestNG-tests-1] INFO  CareersPage:38 - Waiting for the first position to be clickable.
2025-05-04 16:56:45 [TestNG-tests-1] INFO  CareersPage:41 - First position clicked.
2025-05-04 16:56:45 [TestNG-tests-1] INFO  JobDetailsPage:35 - Job Title: Specimen Processing Automation Specialist
2025-05-04 16:56:45 [TestNG-tests-1] INFO  JobDetailsPage:37 - Job Title is displayed: true
2025-05-04 16:56:45 [TestNG-tests-1] INFO  UISteps:52 - Verified job title: True
2025-05-04 16:56:45 [TestNG-tests-1] INFO  JobDetailsPage:45 - Job Location is displayed: true
2025-05-04 16:56:45 [TestNG-tests-1] INFO  UISteps:55 - Verified job location: True
2025-05-04 16:56:45 [TestNG-tests-1] INFO  UISteps:57 - Verified job ID: True
2025-05-04 16:56:45 [TestNG-tests-1] INFO  JobDetailsPage:53 - Job ID is displayed: true
2025-05-04 16:56:45 [TestNG-tests-1] INFO  UISteps:60 - Verified job description: Postman
2025-05-04 16:56:45 [TestNG-tests-1] INFO  JobDetailsPage:60 - Description: Labcorp is seeking a dedicated and motivated individual to join their Laboratory Robotics Operator team in Dublin, OH. The Robotics Operator will be responsible for processing clinical specimen for acceptability and maintain the operational condition of the automated instrument to deliver to the testing departments in a fast-paced, high-throughput environment according to established standard operating procedures.
Work Schedule: Monday - Friday 10:30pm - 7:00am with rotating weekends and holidays, and daily overtime as needed
Benefits: Employees regularly scheduled to work 20 or more hours per week are eligible for comprehensive benefits including: Medical, Dental, Vision, Life, STD/LTD, 401(k), Paid Time Off (PTO) or Flexible Time Off (FTO), Tuition Reimbursement and Employee Stock Purchase Plan.  Casual, PRN & Part Time employees regularly scheduled to work less than 20 hours are eligible to participate in the 401(k) Plan only. For more detailed information, please click here. 
Job Responsibilities
Introduce and prepare biological specimens to the laboratory to ensure accurate processing
Open specimens and pour off into secondary containers to prepare for analysis and testing
Verify patient demographic information matches the test requisition form submitted
Data entry of patient information into the computer system for tracking purposes
Meet key production metrics and quality measures to ensure timely and accurate results
Unpack and route specimens to their respective staging areas
Pack and ship specimens to proper testing facilities when required
Properly prepare and store excess specimen samples
Resolve and document any problem specimens
Handle and dispose of medical and chemical waste
Comply with applicable environmental health and safety policies and procedures
Operate automated instrumentation under supervision if necessary
Requirements
High School Diploma or equivalent
Prior specimen processing experience is preferred
Previous experience using automated equipment is a plus
Proficient computer and typing skills
Must pass standardized color vision test
Comfortable handling human biological specimens including blood, urine and tissue samples
Ability to lift up to 30lbs, work in protective equipment and sit/stand for long periods of time
Strong eye hand coordination in order to accurately identify specimens by touch and sight
Ability to work both independently and in a team environment
High level of attention to detail with the ability to problem solve
Strong communication skills; both written and verbal
Ability to work overtime when needed
If you're looking for a career that offers opportunities for growth, continual development, professional challenge and the chance to make a real difference, apply today!
Labcorp is proud to be an Equal Opportunity Employer:
Labcorp strives for inclusion and belonging in the workforce and does not tolerate harassment or discrimination of any kind. We make employment decisions based on the needs of our business and the qualifications and merit of the individual. Qualified applicants will receive consideration for employment without regard to race, religion, color, national origin, sex (including pregnancy, childbirth, or related medical conditions), family or parental status, marital, civil union or domestic partnership status, sexual orientation, gender identity, gender expression, personal appearance, age, veteran status, disability, genetic information, or any other legally protected characteristic. Additionally, all qualified applicants with arrest or conviction records will be considered for employment in accordance with applicable law. 
We encourage all to apply
If you are an individual with a disability who needs assistance using our online tools to search and apply for jobs, or needs an accommodation, please visit our accessibility site or contact us at Labcorp Accessibility. For more information about how we collect and store your personal data, please see our Privacy Statement.
2025-05-04 16:56:45 [TestNG-tests-1] INFO  JobDetailsPage:61 - Verifying requirement: Postman
2025-05-04 17:04:11 [TestNG-tests-1] INFO  HomePage:25 - Navigated to LabCorp homepage: https://www.labcorp.com
2025-05-04 17:04:11 [TestNG-tests-1] INFO  WebElementHelper:22 - Cookies pop-up is displayed.
2025-05-04 17:04:12 [TestNG-tests-1] INFO  WebElementHelper:24 - Cookies pop-up accepted.
2025-05-04 17:04:12 [TestNG-tests-1] INFO  HomePage:27 - Cookies handled.
2025-05-04 17:04:12 [TestNG-tests-1] INFO  WebElementHelper:22 - Cookies pop-up is displayed.
2025-05-04 17:04:12 [TestNG-tests-1] INFO  WebElementHelper:24 - Cookies pop-up accepted.
2025-05-04 17:04:12 [TestNG-tests-1] INFO  HomePage:35 - Cookies handled.
2025-05-04 17:04:12 [TestNG-tests-1] INFO  HomePage:40 - Careers link is not displayed, attempting to open the menu.
2025-05-04 17:04:12 [TestNG-tests-1] INFO  HomePage:42 - Menu is visible, clicking on it.
2025-05-04 17:04:12 [TestNG-tests-1] INFO  HomePage:44 - Menu is opened, clicking on Careers link.
2025-05-04 17:04:15 [TestNG-tests-1] INFO  HomePage:46 - Careers link is clicked.
2025-05-04 17:04:15 [TestNG-tests-1] INFO  HomePage:49 - Waiting for page title to be: Careers at Labcorp | Embrace Possibilities, Change Lives
2025-05-04 17:04:15 [TestNG-tests-1] INFO  HomePage:51 - Page title verified: Careers at Labcorp | Embrace Possibilities, Change Lives
2025-05-04 17:04:16 [TestNG-tests-1] INFO  CareersPage:27 - Searching for position: QA Test Automation Developer
2025-05-04 17:04:17 [TestNG-tests-1] INFO  CareersPage:29 - Search button clicked.
2025-05-04 17:04:17 [TestNG-tests-1] INFO  CareersPage:36 - Before Select First position handle Cookies.
2025-05-04 17:04:17 [TestNG-tests-1] INFO  CareersPage:38 - Waiting for the first position to be clickable.
2025-05-04 17:04:19 [TestNG-tests-1] INFO  CareersPage:41 - First position clicked.
2025-05-04 17:04:19 [TestNG-tests-1] INFO  JobDetailsPage:35 - Job Title: Specimen Processing Automation Specialist
2025-05-04 17:04:19 [TestNG-tests-1] INFO  JobDetailsPage:37 - Job Title is displayed: true
2025-05-04 17:04:19 [TestNG-tests-1] INFO  UISteps:52 - Verified job title: True
2025-05-04 17:04:19 [TestNG-tests-1] INFO  JobDetailsPage:45 - Job Location is displayed: true
2025-05-04 17:04:19 [TestNG-tests-1] INFO  UISteps:55 - Verified job location: True
2025-05-04 17:04:19 [TestNG-tests-1] INFO  UISteps:57 - Verified job ID: True
2025-05-04 17:04:19 [TestNG-tests-1] INFO  JobDetailsPage:53 - Job ID is displayed: true
2025-05-04 17:04:19 [TestNG-tests-1] INFO  UISteps:60 - Verified job description: Postman
2025-05-04 17:04:19 [TestNG-tests-1] INFO  JobDetailsPage:60 - Description: Labcorp is seeking a dedicated and motivated individual to join their Laboratory Robotics Operator team in Dublin, OH. The Robotics Operator will be responsible for processing clinical specimen for acceptability and maintain the operational condition of the automated instrument to deliver to the testing departments in a fast-paced, high-throughput environment according to established standard operating procedures.
Work Schedule: Monday - Friday 10:30pm - 7:00am with rotating weekends and holidays, and daily overtime as needed
Benefits: Employees regularly scheduled to work 20 or more hours per week are eligible for comprehensive benefits including: Medical, Dental, Vision, Life, STD/LTD, 401(k), Paid Time Off (PTO) or Flexible Time Off (FTO), Tuition Reimbursement and Employee Stock Purchase Plan.  Casual, PRN & Part Time employees regularly scheduled to work less than 20 hours are eligible to participate in the 401(k) Plan only. For more detailed information, please click here. 
Job Responsibilities
Introduce and prepare biological specimens to the laboratory to ensure accurate processing
Open specimens and pour off into secondary containers to prepare for analysis and testing
Verify patient demographic information matches the test requisition form submitted
Data entry of patient information into the computer system for tracking purposes
Meet key production metrics and quality measures to ensure timely and accurate results
Unpack and route specimens to their respective staging areas
Pack and ship specimens to proper testing facilities when required
Properly prepare and store excess specimen samples
Resolve and document any problem specimens
Handle and dispose of medical and chemical waste
Comply with applicable environmental health and safety policies and procedures
Operate automated instrumentation under supervision if necessary
Requirements
High School Diploma or equivalent
Prior specimen processing experience is preferred
Previous experience using automated equipment is a plus
Proficient computer and typing skills
Must pass standardized color vision test
Comfortable handling human biological specimens including blood, urine and tissue samples
Ability to lift up to 30lbs, work in protective equipment and sit/stand for long periods of time
Strong eye hand coordination in order to accurately identify specimens by touch and sight
Ability to work both independently and in a team environment
High level of attention to detail with the ability to problem solve
Strong communication skills; both written and verbal
Ability to work overtime when needed
If you're looking for a career that offers opportunities for growth, continual development, professional challenge and the chance to make a real difference, apply today!
Labcorp is proud to be an Equal Opportunity Employer:
Labcorp strives for inclusion and belonging in the workforce and does not tolerate harassment or discrimination of any kind. We make employment decisions based on the needs of our business and the qualifications and merit of the individual. Qualified applicants will receive consideration for employment without regard to race, religion, color, national origin, sex (including pregnancy, childbirth, or related medical conditions), family or parental status, marital, civil union or domestic partnership status, sexual orientation, gender identity, gender expression, personal appearance, age, veteran status, disability, genetic information, or any other legally protected characteristic. Additionally, all qualified applicants with arrest or conviction records will be considered for employment in accordance with applicable law. 
We encourage all to apply
If you are an individual with a disability who needs assistance using our online tools to search and apply for jobs, or needs an accommodation, please visit our accessibility site or contact us at Labcorp Accessibility. For more information about how we collect and store your personal data, please see our Privacy Statement.
2025-05-04 17:04:19 [TestNG-tests-1] INFO  JobDetailsPage:61 - Verifying requirement: Postman
2025-05-04 17:10:54 [TestNG-tests-1] INFO  HomePage:25 - Navigated to LabCorp homepage: https://www.labcorp.com
2025-05-04 17:10:54 [TestNG-tests-1] INFO  WebElementHelper:22 - Cookies pop-up is displayed.
2025-05-04 17:10:54 [TestNG-tests-1] INFO  WebElementHelper:24 - Cookies pop-up accepted.
2025-05-04 17:10:54 [TestNG-tests-1] INFO  HomePage:27 - Cookies handled.
2025-05-04 17:10:54 [TestNG-tests-1] INFO  WebElementHelper:22 - Cookies pop-up is displayed.
2025-05-04 17:10:54 [TestNG-tests-1] INFO  WebElementHelper:24 - Cookies pop-up accepted.
2025-05-04 17:10:54 [TestNG-tests-1] INFO  HomePage:35 - Cookies handled.
2025-05-04 17:10:54 [TestNG-tests-1] INFO  HomePage:40 - Careers link is not displayed, attempting to open the menu.
2025-05-04 17:10:54 [TestNG-tests-1] INFO  HomePage:42 - Menu is visible, clicking on it.
2025-05-04 17:10:54 [TestNG-tests-1] INFO  HomePage:44 - Menu is opened, clicking on Careers link.
2025-05-04 17:10:58 [TestNG-tests-1] INFO  HomePage:46 - Careers link is clicked.
2025-05-04 17:10:58 [TestNG-tests-1] INFO  HomePage:49 - Waiting for page title to be: Careers at Labcorp | Embrace Possibilities, Change Lives
2025-05-04 17:10:58 [TestNG-tests-1] INFO  HomePage:51 - Page title verified: Careers at Labcorp | Embrace Possibilities, Change Lives
2025-05-04 17:10:58 [TestNG-tests-1] INFO  CareersPage:27 - Searching for position: QA Test Automation Developer
2025-05-04 17:11:01 [TestNG-tests-1] INFO  CareersPage:29 - Search button clicked.
2025-05-04 17:11:01 [TestNG-tests-1] INFO  CareersPage:36 - Before Select First position handle Cookies.
2025-05-04 17:11:01 [TestNG-tests-1] INFO  CareersPage:38 - Waiting for the first position to be clickable.
2025-05-04 17:11:03 [TestNG-tests-1] INFO  CareersPage:41 - First position clicked.
2025-05-04 17:11:03 [TestNG-tests-1] INFO  JobDetailsPage:35 - Job Title: Specimen Processing Automation Specialist
2025-05-04 17:11:03 [TestNG-tests-1] INFO  JobDetailsPage:37 - Job Title is displayed: true
2025-05-04 17:11:03 [TestNG-tests-1] INFO  UISteps:52 - Verified job title: True
2025-05-04 17:11:03 [TestNG-tests-1] INFO  JobDetailsPage:45 - Job Location is displayed: true
2025-05-04 17:11:03 [TestNG-tests-1] INFO  UISteps:55 - Verified job location: True
2025-05-04 17:11:03 [TestNG-tests-1] INFO  UISteps:57 - Verified job ID: True
2025-05-04 17:11:03 [TestNG-tests-1] INFO  JobDetailsPage:53 - Job ID is displayed: true
2025-05-04 17:11:03 [TestNG-tests-1] INFO  UISteps:60 - Verified job description: Postman
2025-05-04 17:11:03 [TestNG-tests-1] INFO  JobDetailsPage:60 - Description: Labcorp is seeking a dedicated and motivated individual to join their Laboratory Robotics Operator team in Dublin, OH. The Robotics Operator will be responsible for processing clinical specimen for acceptability and maintain the operational condition of the automated instrument to deliver to the testing departments in a fast-paced, high-throughput environment according to established standard operating procedures.
Work Schedule: Monday - Friday 10:30pm - 7:00am with rotating weekends and holidays, and daily overtime as needed
Benefits: Employees regularly scheduled to work 20 or more hours per week are eligible for comprehensive benefits including: Medical, Dental, Vision, Life, STD/LTD, 401(k), Paid Time Off (PTO) or Flexible Time Off (FTO), Tuition Reimbursement and Employee Stock Purchase Plan.  Casual, PRN & Part Time employees regularly scheduled to work less than 20 hours are eligible to participate in the 401(k) Plan only. For more detailed information, please click here. 
Job Responsibilities
Introduce and prepare biological specimens to the laboratory to ensure accurate processing
Open specimens and pour off into secondary containers to prepare for analysis and testing
Verify patient demographic information matches the test requisition form submitted
Data entry of patient information into the computer system for tracking purposes
Meet key production metrics and quality measures to ensure timely and accurate results
Unpack and route specimens to their respective staging areas
Pack and ship specimens to proper testing facilities when required
Properly prepare and store excess specimen samples
Resolve and document any problem specimens
Handle and dispose of medical and chemical waste
Comply with applicable environmental health and safety policies and procedures
Operate automated instrumentation under supervision if necessary
Requirements
High School Diploma or equivalent
Prior specimen processing experience is preferred
Previous experience using automated equipment is a plus
Proficient computer and typing skills
Must pass standardized color vision test
Comfortable handling human biological specimens including blood, urine and tissue samples
Ability to lift up to 30lbs, work in protective equipment and sit/stand for long periods of time
Strong eye hand coordination in order to accurately identify specimens by touch and sight
Ability to work both independently and in a team environment
High level of attention to detail with the ability to problem solve
Strong communication skills; both written and verbal
Ability to work overtime when needed
If you're looking for a career that offers opportunities for growth, continual development, professional challenge and the chance to make a real difference, apply today!
Labcorp is proud to be an Equal Opportunity Employer:
Labcorp strives for inclusion and belonging in the workforce and does not tolerate harassment or discrimination of any kind. We make employment decisions based on the needs of our business and the qualifications and merit of the individual. Qualified applicants will receive consideration for employment without regard to race, religion, color, national origin, sex (including pregnancy, childbirth, or related medical conditions), family or parental status, marital, civil union or domestic partnership status, sexual orientation, gender identity, gender expression, personal appearance, age, veteran status, disability, genetic information, or any other legally protected characteristic. Additionally, all qualified applicants with arrest or conviction records will be considered for employment in accordance with applicable law. 
We encourage all to apply
If you are an individual with a disability who needs assistance using our online tools to search and apply for jobs, or needs an accommodation, please visit our accessibility site or contact us at Labcorp Accessibility. For more information about how we collect and store your personal data, please see our Privacy Statement.
2025-05-04 17:11:03 [TestNG-tests-1] INFO  JobDetailsPage:61 - Verifying requirement: Postman
2025-05-04 17:15:01 [TestNG-tests-1] INFO  HomePage:25 - Navigated to LabCorp homepage: https://www.labcorp.com
2025-05-04 17:15:01 [TestNG-tests-1] INFO  WebElementHelper:22 - Cookies pop-up is displayed.
2025-05-04 17:15:01 [TestNG-tests-1] INFO  WebElementHelper:24 - Cookies pop-up accepted.
2025-05-04 17:15:01 [TestNG-tests-1] INFO  HomePage:27 - Cookies handled.
2025-05-04 17:15:01 [TestNG-tests-1] INFO  WebElementHelper:22 - Cookies pop-up is displayed.
2025-05-04 17:15:01 [TestNG-tests-1] INFO  WebElementHelper:24 - Cookies pop-up accepted.
2025-05-04 17:15:01 [TestNG-tests-1] INFO  HomePage:35 - Cookies handled.
2025-05-04 17:15:01 [TestNG-tests-1] INFO  HomePage:40 - Careers link is not displayed, attempting to open the menu.
2025-05-04 17:15:01 [TestNG-tests-1] INFO  HomePage:42 - Menu is visible, clicking on it.
2025-05-04 17:15:01 [TestNG-tests-1] INFO  HomePage:44 - Menu is opened, clicking on Careers link.
2025-05-04 17:15:05 [TestNG-tests-1] INFO  HomePage:46 - Careers link is clicked.
2025-05-04 17:15:05 [TestNG-tests-1] INFO  HomePage:49 - Waiting for page title to be: Careers at Labcorp | Embrace Possibilities, Change Lives
2025-05-04 17:15:05 [TestNG-tests-1] INFO  HomePage:51 - Page title verified: Careers at Labcorp | Embrace Possibilities, Change Lives
2025-05-04 17:15:05 [TestNG-tests-1] INFO  CareersPage:27 - Searching for position: QA Test Automation Developer
2025-05-04 17:15:07 [TestNG-tests-1] INFO  CareersPage:29 - Search button clicked.
2025-05-04 17:15:07 [TestNG-tests-1] INFO  CareersPage:36 - Before Select First position handle Cookies.
2025-05-04 17:15:07 [TestNG-tests-1] INFO  CareersPage:38 - Waiting for the first position to be clickable.
2025-05-04 17:15:08 [TestNG-tests-1] INFO  CareersPage:41 - First position clicked.
2025-05-04 17:15:09 [TestNG-tests-1] INFO  JobDetailsPage:35 - Job Title: Specimen Processing Automation Specialist
2025-05-04 17:15:09 [TestNG-tests-1] INFO  JobDetailsPage:37 - Job Title is displayed: true
2025-05-04 17:15:09 [TestNG-tests-1] INFO  UISteps:52 - Verified job title: True
2025-05-04 17:15:09 [TestNG-tests-1] INFO  JobDetailsPage:45 - Job Location is displayed: true
2025-05-04 17:15:09 [TestNG-tests-1] INFO  UISteps:55 - Verified job location: True
2025-05-04 17:15:09 [TestNG-tests-1] INFO  UISteps:57 - Verified job ID: True
2025-05-04 17:15:09 [TestNG-tests-1] INFO  JobDetailsPage:53 - Job ID is displayed: true
2025-05-04 17:15:09 [TestNG-tests-1] INFO  UISteps:60 - Verified job description: Postman
2025-05-04 17:15:09 [TestNG-tests-1] INFO  JobDetailsPage:61 - Description: Labcorp is seeking a dedicated and motivated individual to join their Laboratory Robotics Operator team in Dublin, OH. The Robotics Operator will be responsible for processing clinical specimen for acceptability and maintain the operational condition of the automated instrument to deliver to the testing departments in a fast-paced, high-throughput environment according to established standard operating procedures.
Work Schedule: Monday - Friday 10:30pm - 7:00am with rotating weekends and holidays, and daily overtime as needed
Benefits: Employees regularly scheduled to work 20 or more hours per week are eligible for comprehensive benefits including: Medical, Dental, Vision, Life, STD/LTD, 401(k), Paid Time Off (PTO) or Flexible Time Off (FTO), Tuition Reimbursement and Employee Stock Purchase Plan.  Casual, PRN & Part Time employees regularly scheduled to work less than 20 hours are eligible to participate in the 401(k) Plan only. For more detailed information, please click here. 
Job Responsibilities
Introduce and prepare biological specimens to the laboratory to ensure accurate processing
Open specimens and pour off into secondary containers to prepare for analysis and testing
Verify patient demographic information matches the test requisition form submitted
Data entry of patient information into the computer system for tracking purposes
Meet key production metrics and quality measures to ensure timely and accurate results
Unpack and route specimens to their respective staging areas
Pack and ship specimens to proper testing facilities when required
Properly prepare and store excess specimen samples
Resolve and document any problem specimens
Handle and dispose of medical and chemical waste
Comply with applicable environmental health and safety policies and procedures
Operate automated instrumentation under supervision if necessary
Requirements
High School Diploma or equivalent
Prior specimen processing experience is preferred
Previous experience using automated equipment is a plus
Proficient computer and typing skills
Must pass standardized color vision test
Comfortable handling human biological specimens including blood, urine and tissue samples
Ability to lift up to 30lbs, work in protective equipment and sit/stand for long periods of time
Strong eye hand coordination in order to accurately identify specimens by touch and sight
Ability to work both independently and in a team environment
High level of attention to detail with the ability to problem solve
Strong communication skills; both written and verbal
Ability to work overtime when needed
If you're looking for a career that offers opportunities for growth, continual development, professional challenge and the chance to make a real difference, apply today!
Labcorp is proud to be an Equal Opportunity Employer:
Labcorp strives for inclusion and belonging in the workforce and does not tolerate harassment or discrimination of any kind. We make employment decisions based on the needs of our business and the qualifications and merit of the individual. Qualified applicants will receive consideration for employment without regard to race, religion, color, national origin, sex (including pregnancy, childbirth, or related medical conditions), family or parental status, marital, civil union or domestic partnership status, sexual orientation, gender identity, gender expression, personal appearance, age, veteran status, disability, genetic information, or any other legally protected characteristic. Additionally, all qualified applicants with arrest or conviction records will be considered for employment in accordance with applicable law. 
We encourage all to apply
If you are an individual with a disability who needs assistance using our online tools to search and apply for jobs, or needs an accommodation, please visit our accessibility site or contact us at Labcorp Accessibility. For more information about how we collect and store your personal data, please see our Privacy Statement.
2025-05-04 17:15:09 [TestNG-tests-1] INFO  JobDetailsPage:62 - Verifying requirement: Postman
2025-05-04 17:17:15 [TestNG-tests-1] INFO  HomePage:25 - Navigated to LabCorp homepage: https://www.labcorp.com
2025-05-04 17:17:15 [TestNG-tests-1] INFO  WebElementHelper:22 - Cookies pop-up is displayed.
2025-05-04 17:17:15 [TestNG-tests-1] INFO  WebElementHelper:24 - Cookies pop-up accepted.
2025-05-04 17:17:15 [TestNG-tests-1] INFO  HomePage:27 - Cookies handled.
2025-05-04 17:17:15 [TestNG-tests-1] INFO  WebElementHelper:22 - Cookies pop-up is displayed.
2025-05-04 17:17:15 [TestNG-tests-1] INFO  WebElementHelper:24 - Cookies pop-up accepted.
2025-05-04 17:17:15 [TestNG-tests-1] INFO  HomePage:35 - Cookies handled.
2025-05-04 17:17:15 [TestNG-tests-1] INFO  HomePage:40 - Careers link is not displayed, attempting to open the menu.
2025-05-04 17:17:15 [TestNG-tests-1] INFO  HomePage:42 - Menu is visible, clicking on it.
2025-05-04 17:17:15 [TestNG-tests-1] INFO  HomePage:44 - Menu is opened, clicking on Careers link.
2025-05-04 17:17:19 [TestNG-tests-1] INFO  HomePage:46 - Careers link is clicked.
2025-05-04 17:17:19 [TestNG-tests-1] INFO  HomePage:49 - Waiting for page title to be: Careers at Labcorp | Embrace Possibilities, Change Lives
2025-05-04 17:17:19 [TestNG-tests-1] INFO  HomePage:51 - Page title verified: Careers at Labcorp | Embrace Possibilities, Change Lives
2025-05-04 17:17:19 [TestNG-tests-1] INFO  CareersPage:27 - Searching for position: QA Test Automation Developer
2025-05-04 17:17:22 [TestNG-tests-1] INFO  CareersPage:29 - Search button clicked.
2025-05-04 17:17:22 [TestNG-tests-1] INFO  CareersPage:36 - Before Select First position handle Cookies.
2025-05-04 17:17:22 [TestNG-tests-1] INFO  CareersPage:38 - Waiting for the first position to be clickable.
2025-05-04 17:17:24 [TestNG-tests-1] INFO  CareersPage:41 - First position clicked.
2025-05-04 17:17:24 [TestNG-tests-1] INFO  JobDetailsPage:35 - Job Title: Specimen Processing Automation Specialist
2025-05-04 17:17:24 [TestNG-tests-1] INFO  JobDetailsPage:37 - Job Title is displayed: true
2025-05-04 17:17:24 [TestNG-tests-1] INFO  UISteps:52 - Verified job title: True
2025-05-04 17:17:24 [TestNG-tests-1] INFO  JobDetailsPage:45 - Job Location is displayed: true
2025-05-04 17:17:24 [TestNG-tests-1] INFO  UISteps:55 - Verified job location: True
2025-05-04 17:17:24 [TestNG-tests-1] INFO  UISteps:57 - Verified job ID: True
2025-05-04 17:17:24 [TestNG-tests-1] INFO  JobDetailsPage:53 - Job ID is displayed: true
2025-05-04 17:17:24 [TestNG-tests-1] INFO  UISteps:60 - Verified job description: Postman
2025-05-04 17:17:24 [TestNG-tests-1] INFO  JobDetailsPage:61 - Description: Labcorp is seeking a dedicated and motivated individual to join their Laboratory Robotics Operator team in Dublin, OH. The Robotics Operator will be responsible for processing clinical specimen for acceptability and maintain the operational condition of the automated instrument to deliver to the testing departments in a fast-paced, high-throughput environment according to established standard operating procedures.
Work Schedule: Monday - Friday 10:30pm - 7:00am with rotating weekends and holidays, and daily overtime as needed
Benefits: Employees regularly scheduled to work 20 or more hours per week are eligible for comprehensive benefits including: Medical, Dental, Vision, Life, STD/LTD, 401(k), Paid Time Off (PTO) or Flexible Time Off (FTO), Tuition Reimbursement and Employee Stock Purchase Plan.  Casual, PRN & Part Time employees regularly scheduled to work less than 20 hours are eligible to participate in the 401(k) Plan only. For more detailed information, please click here. 
Job Responsibilities
Introduce and prepare biological specimens to the laboratory to ensure accurate processing
Open specimens and pour off into secondary containers to prepare for analysis and testing
Verify patient demographic information matches the test requisition form submitted
Data entry of patient information into the computer system for tracking purposes
Meet key production metrics and quality measures to ensure timely and accurate results
Unpack and route specimens to their respective staging areas
Pack and ship specimens to proper testing facilities when required
Properly prepare and store excess specimen samples
Resolve and document any problem specimens
Handle and dispose of medical and chemical waste
Comply with applicable environmental health and safety policies and procedures
Operate automated instrumentation under supervision if necessary
Requirements
High School Diploma or equivalent
Prior specimen processing experience is preferred
Previous experience using automated equipment is a plus
Proficient computer and typing skills
Must pass standardized color vision test
Comfortable handling human biological specimens including blood, urine and tissue samples
Ability to lift up to 30lbs, work in protective equipment and sit/stand for long periods of time
Strong eye hand coordination in order to accurately identify specimens by touch and sight
Ability to work both independently and in a team environment
High level of attention to detail with the ability to problem solve
Strong communication skills; both written and verbal
Ability to work overtime when needed
If you're looking for a career that offers opportunities for growth, continual development, professional challenge and the chance to make a real difference, apply today!
Labcorp is proud to be an Equal Opportunity Employer:
Labcorp strives for inclusion and belonging in the workforce and does not tolerate harassment or discrimination of any kind. We make employment decisions based on the needs of our business and the qualifications and merit of the individual. Qualified applicants will receive consideration for employment without regard to race, religion, color, national origin, sex (including pregnancy, childbirth, or related medical conditions), family or parental status, marital, civil union or domestic partnership status, sexual orientation, gender identity, gender expression, personal appearance, age, veteran status, disability, genetic information, or any other legally protected characteristic. Additionally, all qualified applicants with arrest or conviction records will be considered for employment in accordance with applicable law. 
We encourage all to apply
If you are an individual with a disability who needs assistance using our online tools to search and apply for jobs, or needs an accommodation, please visit our accessibility site or contact us at Labcorp Accessibility. For more information about how we collect and store your personal data, please see our Privacy Statement.
2025-05-04 17:17:24 [TestNG-tests-1] INFO  JobDetailsPage:62 - Verifying requirement: Postman
